<?xml version="1.0" encoding="UTF-8"?>
<!-- Generated by org.testng.reporters.JUnitReportReporter -->
<testsuite hostname="D-INE-FWP99R2" failures="0" tests="2" name="com.app.TestNGDemo.Login" time="0.006" errors="0" timestamp="07 Aug 2024 13:15:25 GMT" skipped="0">
  <testcase classname="com.app.TestNGDemo.Login" name="loginTest" time="0.005"/>
  <testcase classname="com.app.TestNGDemo.Login" name="logoutTest" time="0.001"/>
</testsuite> <!-- com.app.TestNGDemo.Login -->
